// Output created by jacc on Tue May 16 15:33:50 CST 2017

state 0 (entry on prog)
    $accept : _prog $end

    SELECT shift 4
    . error

    prog goto 1
    selectclause goto 2
    sql goto 3

state 1 (entry on prog)
    $accept : prog_$end

    $end accept
    . error

state 2 (entry on selectclause)
    sql : selectclause_fromclause whereclause    (2)

    FROM shift 6
    . error

    fromclause goto 5

state 3 (entry on sql)
    prog : sql_    (1)

    $end reduce 1
    . error

state 4 (entry on SELECT)
    selectclause : SELECT_'*'    (3)
    selectclause : SELECT_columns    (4)

    IDENTIFIER shift 12
    NUMBER shift 13
    SINGLEQUOTE shift 14
    '*' shift 15
    . error

    column goto 7
    columns goto 8
    field goto 9
    num goto 10
    string goto 11

state 5 (entry on fromclause)
    sql : selectclause fromclause_whereclause    (2)
    whereclause : _    (17)

    WHERE shift 17
    $end reduce 17
    ')' reduce 17
    . error

    whereclause goto 16

state 6 (entry on FROM)
    fromclause : FROM_IDENTIFIER    (5)
    fromclause : FROM_subquery tablealias    (6)

    IDENTIFIER shift 19
    '(' shift 20
    . error

    subquery goto 18

state 7 (entry on column)
    columns : column_    (9)

    ',' reduce 9
    FROM reduce 9
    . error

state 8 (entry on columns)
    columns : columns_',' column    (8)
    selectclause : SELECT columns_    (4)

    ',' shift 21
    FROM reduce 4
    . error

state 9 (entry on field)
    column : field_asclause    (10)
    asclause : _    (14)

    AS shift 23
    ',' reduce 14
    FROM reduce 14
    . error

    asclause goto 22

state 10 (entry on num)
    column : num_asclause    (11)
    asclause : _    (14)

    AS shift 23
    ',' reduce 14
    FROM reduce 14
    . error

    asclause goto 24

state 11 (entry on string)
    column : string_asclause    (12)
    asclause : _    (14)

    AS shift 23
    ',' reduce 14
    FROM reduce 14
    . error

    asclause goto 25

state 12 (entry on IDENTIFIER)
    field : IDENTIFIER_    (63)

    '>' reduce 63
    OR reduce 63
    '<' reduce 63
    ',' reduce 63
    FROM reduce 63
    BETWEEN reduce 63
    ')' reduce 63
    '!' reduce 63
    IS reduce 63
    '=' reduce 63
    AS reduce 63
    $end reduce 63
    AND reduce 63
    . error

state 13 (entry on NUMBER)
    num : NUMBER_    (64)

    '>' reduce 64
    OR reduce 64
    '<' reduce 64
    ',' reduce 64
    FROM reduce 64
    BETWEEN reduce 64
    ')' reduce 64
    '!' reduce 64
    IS reduce 64
    '=' reduce 64
    AS reduce 64
    $end reduce 64
    AND reduce 64
    . error

state 14 (entry on SINGLEQUOTE)
    string : SINGLEQUOTE_IDENTIFIER SINGLEQUOTE    (65)
    string : SINGLEQUOTE_NUMBER SINGLEQUOTE    (66)

    IDENTIFIER shift 26
    NUMBER shift 27
    . error

state 15 (entry on '*')
    selectclause : SELECT '*'_    (3)

    FROM reduce 3
    . error

state 16 (entry on whereclause)
    sql : selectclause fromclause whereclause_    (2)

    $end reduce 2
    ')' reduce 2
    . error

state 17 (entry on WHERE)
    whereclause : WHERE_searchCondition    (16)

    IDENTIFIER shift 12
    NUMBER shift 13
    SINGLEQUOTE shift 14
    EXISTS shift 47
    IN shift 48
    LIKE shift 49
    NOT shift 50
    NULL shift 51
    '(' shift 52
    . error

    betweenPredicate goto 28
    booleanFactor goto 29
    booleanPrimary goto 30
    booleanTerm goto 31
    booleanTest goto 32
    comparisonPredicate goto 33
    existsPredicate goto 34
    field goto 35
    inPredicate goto 36
    likePredicate goto 37
    nullPredicate goto 38
    num goto 39
    predicate goto 40
    rowSubquery goto 41
    rowValueConstructor goto 42
    rowValueConstructorElement goto 43
    searchCondition goto 44
    string goto 45
    subquery goto 46

state 18 (entry on subquery)
    fromclause : FROM subquery_tablealias    (6)

    IDENTIFIER shift 54
    . error

    tablealias goto 53

state 19 (entry on IDENTIFIER)
    fromclause : FROM IDENTIFIER_    (5)

    $end reduce 5
    ')' reduce 5
    WHERE reduce 5
    . error

state 20 (entry on '(')
    subquery : '('_sql ')'    (62)

    SELECT shift 4
    . error

    selectclause goto 2
    sql goto 55

state 21 (entry on ',')
    columns : columns ','_column    (8)

    IDENTIFIER shift 12
    NUMBER shift 13
    SINGLEQUOTE shift 14
    . error

    column goto 56
    field goto 9
    num goto 10
    string goto 11

state 22 (entry on asclause)
    column : field asclause_    (10)

    ',' reduce 10
    FROM reduce 10
    . error

state 23 (entry on AS)
    asclause : AS_columnalias    (13)

    IDENTIFIER shift 58
    . error

    columnalias goto 57

state 24 (entry on asclause)
    column : num asclause_    (11)

    ',' reduce 11
    FROM reduce 11
    . error

state 25 (entry on asclause)
    column : string asclause_    (12)

    ',' reduce 12
    FROM reduce 12
    . error

state 26 (entry on IDENTIFIER)
    string : SINGLEQUOTE IDENTIFIER_SINGLEQUOTE    (65)

    SINGLEQUOTE shift 59
    . error

state 27 (entry on NUMBER)
    string : SINGLEQUOTE NUMBER_SINGLEQUOTE    (66)

    SINGLEQUOTE shift 60
    . error

state 28 (entry on betweenPredicate)
    predicate : betweenPredicate_    (33)

    $end reduce 33
    OR reduce 33
    ')' reduce 33
    IS reduce 33
    AND reduce 33
    . error

state 29 (entry on booleanFactor)
    booleanTerm : booleanFactor_    (20)

    $end reduce 20
    OR reduce 20
    ')' reduce 20
    AND reduce 20
    . error

state 30 (entry on booleanPrimary)
    booleanTest : booleanPrimary_    (24)
    booleanTest : booleanPrimary_IS truthValue    (25)
    booleanTest : booleanPrimary_IS NOT truthValue    (26)

    IS shift 61
    $end reduce 24
    OR reduce 24
    ')' reduce 24
    AND reduce 24
    . error

state 31 (entry on booleanTerm)
    booleanTerm : booleanTerm_AND booleanFactor    (21)
    searchCondition : booleanTerm_    (18)

    AND shift 62
    $end reduce 18
    OR reduce 18
    ')' reduce 18
    . error

state 32 (entry on booleanTest)
    booleanFactor : booleanTest_    (22)

    $end reduce 22
    OR reduce 22
    ')' reduce 22
    AND reduce 22
    . error

state 33 (entry on comparisonPredicate)
    predicate : comparisonPredicate_    (32)

    $end reduce 32
    OR reduce 32
    ')' reduce 32
    IS reduce 32
    AND reduce 32
    . error

state 34 (entry on existsPredicate)
    predicate : existsPredicate_    (37)

    $end reduce 37
    OR reduce 37
    ')' reduce 37
    IS reduce 37
    AND reduce 37
    . error

state 35 (entry on field)
    rowValueConstructorElement : field_    (52)

    '>' reduce 52
    OR reduce 52
    '<' reduce 52
    ',' reduce 52
    BETWEEN reduce 52
    ')' reduce 52
    '!' reduce 52
    '=' reduce 52
    IS reduce 52
    $end reduce 52
    AND reduce 52
    . error

state 36 (entry on inPredicate)
    predicate : inPredicate_    (34)

    $end reduce 34
    OR reduce 34
    ')' reduce 34
    IS reduce 34
    AND reduce 34
    . error

state 37 (entry on likePredicate)
    predicate : likePredicate_    (35)

    $end reduce 35
    OR reduce 35
    ')' reduce 35
    IS reduce 35
    AND reduce 35
    . error

state 38 (entry on nullPredicate)
    predicate : nullPredicate_    (36)

    $end reduce 36
    OR reduce 36
    ')' reduce 36
    IS reduce 36
    AND reduce 36
    . error

state 39 (entry on num)
    rowValueConstructorElement : num_    (51)

    '>' reduce 51
    OR reduce 51
    '<' reduce 51
    ',' reduce 51
    BETWEEN reduce 51
    ')' reduce 51
    '!' reduce 51
    '=' reduce 51
    IS reduce 51
    $end reduce 51
    AND reduce 51
    . error

state 40 (entry on predicate)
    booleanPrimary : predicate_    (30)

    $end reduce 30
    OR reduce 30
    ')' reduce 30
    IS reduce 30
    AND reduce 30
    . error

state 41 (entry on rowSubquery)
    rowValueConstructor : rowSubquery_    (47)

    '>' reduce 47
    OR reduce 47
    '=' reduce 47
    '<' reduce 47
    BETWEEN reduce 47
    ')' reduce 47
    '!' reduce 47
    IS reduce 47
    $end reduce 47
    AND reduce 47
    . error

state 42 (entry on rowValueConstructor)
    betweenPredicate : rowValueConstructor_BETWEEN rowValueConstructor AND rowValueConstructor    (39)
    comparisonPredicate : rowValueConstructor_compOp rowValueConstructor    (38)
    nullPredicate : rowValueConstructor_IS NULL    (42)

    BETWEEN shift 64
    IS shift 65
    '!' shift 66
    '<' shift 67
    '=' shift 68
    '>' shift 69
    . error

    compOp goto 63

state 43 (entry on rowValueConstructorElement)
    rowValueConstructor : rowValueConstructorElement_    (45)

    '>' reduce 45
    OR reduce 45
    '=' reduce 45
    '<' reduce 45
    BETWEEN reduce 45
    ')' reduce 45
    '!' reduce 45
    IS reduce 45
    $end reduce 45
    AND reduce 45
    . error

state 44 (entry on searchCondition)
    searchCondition : searchCondition_OR booleanTerm    (19)
    whereclause : WHERE searchCondition_    (16)

    OR shift 70
    $end reduce 16
    ')' reduce 16
    . error

state 45 (entry on string)
    rowValueConstructorElement : string_    (50)

    '>' reduce 50
    OR reduce 50
    '<' reduce 50
    ',' reduce 50
    BETWEEN reduce 50
    ')' reduce 50
    '!' reduce 50
    '=' reduce 50
    IS reduce 50
    $end reduce 50
    AND reduce 50
    . error

state 46 (entry on subquery)
    rowSubquery : subquery_    (61)

    '>' reduce 61
    OR reduce 61
    '=' reduce 61
    '<' reduce 61
    BETWEEN reduce 61
    ')' reduce 61
    '!' reduce 61
    IS reduce 61
    $end reduce 61
    AND reduce 61
    . error

state 47 (entry on EXISTS)
    existsPredicate : EXISTS_tableSubquery    (43)

    '(' shift 20
    . error

    subquery goto 71
    tableSubquery goto 72

state 48 (entry on IN)
    inPredicate : IN_'(' ')'    (40)

    '(' shift 73
    . error

state 49 (entry on LIKE)
    likePredicate : LIKE_string    (41)

    SINGLEQUOTE shift 14
    . error

    string goto 74

state 50 (entry on NOT)
    booleanFactor : NOT_booleanTest    (23)

    IDENTIFIER shift 12
    NUMBER shift 13
    SINGLEQUOTE shift 14
    EXISTS shift 47
    IN shift 48
    LIKE shift 49
    NULL shift 51
    '(' shift 52
    . error

    betweenPredicate goto 28
    booleanPrimary goto 30
    booleanTest goto 75
    comparisonPredicate goto 33
    existsPredicate goto 34
    field goto 35
    inPredicate goto 36
    likePredicate goto 37
    nullPredicate goto 38
    num goto 39
    predicate goto 40
    rowSubquery goto 41
    rowValueConstructor goto 42
    rowValueConstructorElement goto 43
    string goto 45
    subquery goto 46

state 51 (entry on NULL)
    rowValueConstructorElement : NULL_    (53)

    '>' reduce 53
    OR reduce 53
    '<' reduce 53
    ',' reduce 53
    BETWEEN reduce 53
    ')' reduce 53
    '!' reduce 53
    '=' reduce 53
    IS reduce 53
    $end reduce 53
    AND reduce 53
    . error

state 52 (entry on '(')
    booleanPrimary : '('_searchCondition ')'    (31)
    rowValueConstructor : '('_rowValueConstructorList ')'    (46)
    subquery : '('_sql ')'    (62)

    SELECT shift 4
    IDENTIFIER shift 12
    NUMBER shift 13
    SINGLEQUOTE shift 14
    EXISTS shift 47
    IN shift 48
    LIKE shift 49
    NOT shift 50
    NULL shift 51
    '(' shift 52
    . error

    betweenPredicate goto 28
    booleanFactor goto 29
    booleanPrimary goto 30
    booleanTerm goto 31
    booleanTest goto 32
    comparisonPredicate goto 33
    existsPredicate goto 34
    field goto 35
    inPredicate goto 36
    likePredicate goto 37
    nullPredicate goto 38
    num goto 39
    predicate goto 40
    rowSubquery goto 41
    rowValueConstructor goto 42
    rowValueConstructorElement goto 76
    rowValueConstructorList goto 77
    searchCondition goto 78
    selectclause goto 2
    sql goto 55
    string goto 45
    subquery goto 46

state 53 (entry on tablealias)
    fromclause : FROM subquery tablealias_    (6)

    $end reduce 6
    ')' reduce 6
    WHERE reduce 6
    . error

state 54 (entry on IDENTIFIER)
    tablealias : IDENTIFIER_    (7)

    $end reduce 7
    ')' reduce 7
    WHERE reduce 7
    . error

state 55 (entry on sql)
    subquery : '(' sql_')'    (62)

    ')' shift 79
    . error

state 56 (entry on column)
    columns : columns ',' column_    (8)

    ',' reduce 8
    FROM reduce 8
    . error

state 57 (entry on columnalias)
    asclause : AS columnalias_    (13)

    ',' reduce 13
    FROM reduce 13
    . error

state 58 (entry on IDENTIFIER)
    columnalias : IDENTIFIER_    (15)

    ',' reduce 15
    FROM reduce 15
    . error

state 59 (entry on SINGLEQUOTE)
    string : SINGLEQUOTE IDENTIFIER SINGLEQUOTE_    (65)

    '>' reduce 65
    OR reduce 65
    '<' reduce 65
    ',' reduce 65
    FROM reduce 65
    BETWEEN reduce 65
    ')' reduce 65
    '!' reduce 65
    IS reduce 65
    '=' reduce 65
    AS reduce 65
    $end reduce 65
    AND reduce 65
    . error

state 60 (entry on SINGLEQUOTE)
    string : SINGLEQUOTE NUMBER SINGLEQUOTE_    (66)

    '>' reduce 66
    OR reduce 66
    '<' reduce 66
    ',' reduce 66
    FROM reduce 66
    BETWEEN reduce 66
    ')' reduce 66
    '!' reduce 66
    IS reduce 66
    '=' reduce 66
    AS reduce 66
    $end reduce 66
    AND reduce 66
    . error

state 61 (entry on IS)
    booleanTest : booleanPrimary IS_truthValue    (25)
    booleanTest : booleanPrimary IS_NOT truthValue    (26)

    FALSE shift 81
    NOT shift 82
    TRUE shift 83
    UNKNOWN shift 84
    . error

    truthValue goto 80

state 62 (entry on AND)
    booleanTerm : booleanTerm AND_booleanFactor    (21)

    IDENTIFIER shift 12
    NUMBER shift 13
    SINGLEQUOTE shift 14
    EXISTS shift 47
    IN shift 48
    LIKE shift 49
    NOT shift 50
    NULL shift 51
    '(' shift 52
    . error

    betweenPredicate goto 28
    booleanFactor goto 85
    booleanPrimary goto 30
    booleanTest goto 32
    comparisonPredicate goto 33
    existsPredicate goto 34
    field goto 35
    inPredicate goto 36
    likePredicate goto 37
    nullPredicate goto 38
    num goto 39
    predicate goto 40
    rowSubquery goto 41
    rowValueConstructor goto 42
    rowValueConstructorElement goto 43
    string goto 45
    subquery goto 46

state 63 (entry on compOp)
    comparisonPredicate : rowValueConstructor compOp_rowValueConstructor    (38)

    IDENTIFIER shift 12
    NUMBER shift 13
    SINGLEQUOTE shift 14
    NULL shift 51
    '(' shift 87
    . error

    field goto 35
    num goto 39
    rowSubquery goto 41
    rowValueConstructor goto 86
    rowValueConstructorElement goto 43
    string goto 45
    subquery goto 46

state 64 (entry on BETWEEN)
    betweenPredicate : rowValueConstructor BETWEEN_rowValueConstructor AND rowValueConstructor    (39)

    IDENTIFIER shift 12
    NUMBER shift 13
    SINGLEQUOTE shift 14
    NULL shift 51
    '(' shift 87
    . error

    field goto 35
    num goto 39
    rowSubquery goto 41
    rowValueConstructor goto 88
    rowValueConstructorElement goto 43
    string goto 45
    subquery goto 46

state 65 (entry on IS)
    nullPredicate : rowValueConstructor IS_NULL    (42)

    NULL shift 89
    . error

state 66 (entry on '!')
    compOp : '!'_'='    (55)

    '=' shift 90
    . error

state 67 (entry on '<')
    compOp : '<'_'>'    (56)
    compOp : '<'_    (57)
    compOp : '<'_'='    (58)

    '=' shift 91
    '>' shift 92
    IDENTIFIER reduce 57
    NUMBER reduce 57
    NULL reduce 57
    '(' reduce 57
    SINGLEQUOTE reduce 57
    . error

state 68 (entry on '=')
    compOp : '='_    (54)

    IDENTIFIER reduce 54
    NUMBER reduce 54
    NULL reduce 54
    '(' reduce 54
    SINGLEQUOTE reduce 54
    . error

state 69 (entry on '>')
    compOp : '>'_    (59)
    compOp : '>'_'='    (60)

    '=' shift 93
    IDENTIFIER reduce 59
    NUMBER reduce 59
    NULL reduce 59
    '(' reduce 59
    SINGLEQUOTE reduce 59
    . error

state 70 (entry on OR)
    searchCondition : searchCondition OR_booleanTerm    (19)

    IDENTIFIER shift 12
    NUMBER shift 13
    SINGLEQUOTE shift 14
    EXISTS shift 47
    IN shift 48
    LIKE shift 49
    NOT shift 50
    NULL shift 51
    '(' shift 52
    . error

    betweenPredicate goto 28
    booleanFactor goto 29
    booleanPrimary goto 30
    booleanTerm goto 94
    booleanTest goto 32
    comparisonPredicate goto 33
    existsPredicate goto 34
    field goto 35
    inPredicate goto 36
    likePredicate goto 37
    nullPredicate goto 38
    num goto 39
    predicate goto 40
    rowSubquery goto 41
    rowValueConstructor goto 42
    rowValueConstructorElement goto 43
    string goto 45
    subquery goto 46

state 71 (entry on subquery)
    tableSubquery : subquery_    (44)

    $end reduce 44
    OR reduce 44
    ')' reduce 44
    IS reduce 44
    AND reduce 44
    . error

state 72 (entry on tableSubquery)
    existsPredicate : EXISTS tableSubquery_    (43)

    $end reduce 43
    OR reduce 43
    ')' reduce 43
    IS reduce 43
    AND reduce 43
    . error

state 73 (entry on '(')
    inPredicate : IN '('_')'    (40)

    ')' shift 95
    . error

state 74 (entry on string)
    likePredicate : LIKE string_    (41)

    $end reduce 41
    OR reduce 41
    ')' reduce 41
    IS reduce 41
    AND reduce 41
    . error

state 75 (entry on booleanTest)
    booleanFactor : NOT booleanTest_    (23)

    $end reduce 23
    OR reduce 23
    ')' reduce 23
    AND reduce 23
    . error

state 76 (entry on rowValueConstructorElement)
    rowValueConstructor : rowValueConstructorElement_    (45)
    rowValueConstructorList : rowValueConstructorElement_    (48)

    '>' reduce 45
    '=' reduce 45
    '<' reduce 45
    BETWEEN reduce 45
    '!' reduce 45
    IS reduce 45
    ',' reduce 48
    ')' reduce 48
    . error

state 77 (entry on rowValueConstructorList)
    rowValueConstructor : '(' rowValueConstructorList_')'    (46)
    rowValueConstructorList : rowValueConstructorList_',' rowValueConstructorElement    (49)

    ')' shift 96
    ',' shift 97
    . error

state 78 (entry on searchCondition)
    booleanPrimary : '(' searchCondition_')'    (31)
    searchCondition : searchCondition_OR booleanTerm    (19)

    OR shift 70
    ')' shift 98
    . error

state 79 (entry on ')')
    subquery : '(' sql ')'_    (62)

    OR reduce 62
    IDENTIFIER reduce 62
    '=' reduce 62
    '<' reduce 62
    BETWEEN reduce 62
    ')' reduce 62
    '!' reduce 62
    IS reduce 62
    '>' reduce 62
    $end reduce 62
    AND reduce 62
    . error

state 80 (entry on truthValue)
    booleanTest : booleanPrimary IS truthValue_    (25)

    $end reduce 25
    OR reduce 25
    ')' reduce 25
    AND reduce 25
    . error

state 81 (entry on FALSE)
    truthValue : FALSE_    (28)

    $end reduce 28
    OR reduce 28
    ')' reduce 28
    AND reduce 28
    . error

state 82 (entry on NOT)
    booleanTest : booleanPrimary IS NOT_truthValue    (26)

    FALSE shift 81
    TRUE shift 83
    UNKNOWN shift 84
    . error

    truthValue goto 99

state 83 (entry on TRUE)
    truthValue : TRUE_    (27)

    $end reduce 27
    OR reduce 27
    ')' reduce 27
    AND reduce 27
    . error

state 84 (entry on UNKNOWN)
    truthValue : UNKNOWN_    (29)

    $end reduce 29
    OR reduce 29
    ')' reduce 29
    AND reduce 29
    . error

state 85 (entry on booleanFactor)
    booleanTerm : booleanTerm AND booleanFactor_    (21)

    $end reduce 21
    OR reduce 21
    ')' reduce 21
    AND reduce 21
    . error

state 86 (entry on rowValueConstructor)
    comparisonPredicate : rowValueConstructor compOp rowValueConstructor_    (38)

    $end reduce 38
    OR reduce 38
    ')' reduce 38
    IS reduce 38
    AND reduce 38
    . error

state 87 (entry on '(')
    rowValueConstructor : '('_rowValueConstructorList ')'    (46)
    subquery : '('_sql ')'    (62)

    SELECT shift 4
    IDENTIFIER shift 12
    NUMBER shift 13
    SINGLEQUOTE shift 14
    NULL shift 51
    . error

    field goto 35
    num goto 39
    rowValueConstructorElement goto 100
    rowValueConstructorList goto 77
    selectclause goto 2
    sql goto 55
    string goto 45

state 88 (entry on rowValueConstructor)
    betweenPredicate : rowValueConstructor BETWEEN rowValueConstructor_AND rowValueConstructor    (39)

    AND shift 101
    . error

state 89 (entry on NULL)
    nullPredicate : rowValueConstructor IS NULL_    (42)

    $end reduce 42
    OR reduce 42
    ')' reduce 42
    IS reduce 42
    AND reduce 42
    . error

state 90 (entry on '=')
    compOp : '!' '='_    (55)

    IDENTIFIER reduce 55
    NUMBER reduce 55
    NULL reduce 55
    '(' reduce 55
    SINGLEQUOTE reduce 55
    . error

state 91 (entry on '=')
    compOp : '<' '='_    (58)

    IDENTIFIER reduce 58
    NUMBER reduce 58
    NULL reduce 58
    '(' reduce 58
    SINGLEQUOTE reduce 58
    . error

state 92 (entry on '>')
    compOp : '<' '>'_    (56)

    IDENTIFIER reduce 56
    NUMBER reduce 56
    NULL reduce 56
    '(' reduce 56
    SINGLEQUOTE reduce 56
    . error

state 93 (entry on '=')
    compOp : '>' '='_    (60)

    IDENTIFIER reduce 60
    NUMBER reduce 60
    NULL reduce 60
    '(' reduce 60
    SINGLEQUOTE reduce 60
    . error

state 94 (entry on booleanTerm)
    booleanTerm : booleanTerm_AND booleanFactor    (21)
    searchCondition : searchCondition OR booleanTerm_    (19)

    AND shift 62
    $end reduce 19
    OR reduce 19
    ')' reduce 19
    . error

state 95 (entry on ')')
    inPredicate : IN '(' ')'_    (40)

    $end reduce 40
    OR reduce 40
    ')' reduce 40
    IS reduce 40
    AND reduce 40
    . error

state 96 (entry on ')')
    rowValueConstructor : '(' rowValueConstructorList ')'_    (46)

    '>' reduce 46
    OR reduce 46
    '=' reduce 46
    '<' reduce 46
    BETWEEN reduce 46
    ')' reduce 46
    '!' reduce 46
    IS reduce 46
    $end reduce 46
    AND reduce 46
    . error

state 97 (entry on ',')
    rowValueConstructorList : rowValueConstructorList ','_rowValueConstructorElement    (49)

    IDENTIFIER shift 12
    NUMBER shift 13
    SINGLEQUOTE shift 14
    NULL shift 51
    . error

    field goto 35
    num goto 39
    rowValueConstructorElement goto 102
    string goto 45

state 98 (entry on ')')
    booleanPrimary : '(' searchCondition ')'_    (31)

    $end reduce 31
    OR reduce 31
    ')' reduce 31
    IS reduce 31
    AND reduce 31
    . error

state 99 (entry on truthValue)
    booleanTest : booleanPrimary IS NOT truthValue_    (26)

    $end reduce 26
    OR reduce 26
    ')' reduce 26
    AND reduce 26
    . error

state 100 (entry on rowValueConstructorElement)
    rowValueConstructorList : rowValueConstructorElement_    (48)

    ',' reduce 48
    ')' reduce 48
    . error

state 101 (entry on AND)
    betweenPredicate : rowValueConstructor BETWEEN rowValueConstructor AND_rowValueConstructor    (39)

    IDENTIFIER shift 12
    NUMBER shift 13
    SINGLEQUOTE shift 14
    NULL shift 51
    '(' shift 87
    . error

    field goto 35
    num goto 39
    rowSubquery goto 41
    rowValueConstructor goto 103
    rowValueConstructorElement goto 43
    string goto 45
    subquery goto 46

state 102 (entry on rowValueConstructorElement)
    rowValueConstructorList : rowValueConstructorList ',' rowValueConstructorElement_    (49)

    ',' reduce 49
    ')' reduce 49
    . error

state 103 (entry on rowValueConstructor)
    betweenPredicate : rowValueConstructor BETWEEN rowValueConstructor AND rowValueConstructor_    (39)

    $end reduce 39
    OR reduce 39
    ')' reduce 39
    IS reduce 39
    AND reduce 39
    . error

First sets:
 First(prog): {SELECT}
 First(betweenPredicate): {IDENTIFIER, NULL, NUMBER, SINGLEQUOTE, '('}
 First(booleanFactor): {EXISTS, IDENTIFIER, IN, LIKE, NOT, NULL, NUMBER, SINGLEQUOTE, '('}
 First(booleanPrimary): {EXISTS, IDENTIFIER, IN, LIKE, NULL, NUMBER, SINGLEQUOTE, '('}
 First(booleanTerm): {EXISTS, IDENTIFIER, IN, LIKE, NOT, NULL, NUMBER, SINGLEQUOTE, '('}
 First(booleanTest): {EXISTS, IDENTIFIER, IN, LIKE, NULL, NUMBER, SINGLEQUOTE, '('}
 First(column): {IDENTIFIER, NUMBER, SINGLEQUOTE}
 First(columnalias): {IDENTIFIER}
 First(columns): {IDENTIFIER, NUMBER, SINGLEQUOTE}
 First(compOp): {'!', '<', '=', '>'}
 First(comparisonPredicate): {IDENTIFIER, NULL, NUMBER, SINGLEQUOTE, '('}
 First(existsPredicate): {EXISTS}
 First(field): {IDENTIFIER}
 First(fromclause): {FROM}
 First(inPredicate): {IN}
 First(likePredicate): {LIKE}
 First(nullPredicate): {IDENTIFIER, NULL, NUMBER, SINGLEQUOTE, '('}
 First(num): {NUMBER}
 First(predicate): {EXISTS, IDENTIFIER, IN, LIKE, NULL, NUMBER, SINGLEQUOTE, '('}
 First(asclause): {AS}
 First(rowSubquery): {'('}
 First(rowValueConstructor): {IDENTIFIER, NULL, NUMBER, SINGLEQUOTE, '('}
 First(rowValueConstructorElement): {IDENTIFIER, NULL, NUMBER, SINGLEQUOTE}
 First(rowValueConstructorList): {IDENTIFIER, NULL, NUMBER, SINGLEQUOTE}
 First(searchCondition): {EXISTS, IDENTIFIER, IN, LIKE, NOT, NULL, NUMBER, SINGLEQUOTE, '('}
 First(selectclause): {SELECT}
 First(sql): {SELECT}
 First(string): {SINGLEQUOTE}
 First(subquery): {'('}
 First(tableSubquery): {'('}
 First(tablealias): {IDENTIFIER}
 First(truthValue): {FALSE, TRUE, UNKNOWN}
 First(whereclause): {WHERE}

Follow sets:
 Follow(prog): {$end}
 Follow(betweenPredicate): {AND, IS, OR, ')', $end}
 Follow(booleanFactor): {AND, OR, ')', $end}
 Follow(booleanPrimary): {AND, IS, OR, ')', $end}
 Follow(booleanTerm): {AND, OR, ')', $end}
 Follow(booleanTest): {AND, OR, ')', $end}
 Follow(column): {FROM, ','}
 Follow(columnalias): {FROM, ','}
 Follow(columns): {FROM, ','}
 Follow(compOp): {IDENTIFIER, NULL, NUMBER, SINGLEQUOTE, '('}
 Follow(comparisonPredicate): {AND, IS, OR, ')', $end}
 Follow(existsPredicate): {AND, IS, OR, ')', $end}
 Follow(field): {AND, AS, BETWEEN, FROM, IS, OR, '!', ')', ',', '<', '=', '>', $end}
 Follow(fromclause): {WHERE, ')', $end}
 Follow(inPredicate): {AND, IS, OR, ')', $end}
 Follow(likePredicate): {AND, IS, OR, ')', $end}
 Follow(nullPredicate): {AND, IS, OR, ')', $end}
 Follow(num): {AND, AS, BETWEEN, FROM, IS, OR, '!', ')', ',', '<', '=', '>', $end}
 Follow(predicate): {AND, IS, OR, ')', $end}
 Follow(asclause): {FROM, ','}
 Follow(rowSubquery): {AND, BETWEEN, IS, OR, '!', ')', '<', '=', '>', $end}
 Follow(rowValueConstructor): {AND, BETWEEN, IS, OR, '!', ')', '<', '=', '>', $end}
 Follow(rowValueConstructorElement): {AND, BETWEEN, IS, OR, '!', ')', ',', '<', '=', '>', $end}
 Follow(rowValueConstructorList): {')', ','}
 Follow(searchCondition): {OR, ')', $end}
 Follow(selectclause): {FROM}
 Follow(sql): {')', $end}
 Follow(string): {AND, AS, BETWEEN, FROM, IS, OR, '!', ')', ',', '<', '=', '>', $end}
 Follow(subquery): {AND, BETWEEN, IDENTIFIER, IS, OR, '!', ')', '<', '=', '>', $end}
 Follow(tableSubquery): {AND, IS, OR, ')', $end}
 Follow(tablealias): {WHERE, ')', $end}
 Follow(truthValue): {AND, OR, ')', $end}
 Follow(whereclause): {')', $end}

Nullable = {asclause, whereclause}

29 terminals, 33 nonterminals;
66 grammar rules, 104 states;
0 shift/reduce and 0 reduce/reduce conflicts reported.
